<?xml version="1.0" encoding="UTF-8"?>
<!-- Generated by org.testng.reporters.JUnitXMLReporter -->
<testsuite ignored="0" hostname="DESKTOP-254JV4M" failures="0" tests="5" name="Default test" time="9.071" errors="0" timestamp="2022-09-18T01:37:23 IST">
  <testcase classname="com.employee.Testcase.TC005_DELETE_EmployeeDetail" name="checkContentType" time="0.015"/>
  <testcase classname="com.employee.Testcase.TC005_DELETE_EmployeeDetail" name="checkServerType" time="0.004"/>
  <testcase classname="com.employee.Testcase.TC005_DELETE_EmployeeDetail" name="checkStatusCode" time="0.006"/>
  <testcase classname="com.employee.Testcase.TC005_DELETE_EmployeeDetail" name="getResponseTime" time="0.003"/>
  <testcase classname="com.employee.Testcase.TC005_DELETE_EmployeeDetail" name="getresponseBody" time="0.006"/>
</testsuite> <!-- Default test -->
