<?xml version="1.0" encoding="UTF-8"?>
<!-- Generated by org.testng.reporters.JUnitXMLReporter -->
<testsuite ignored="0" hostname="DESKTOP-254JV4M" failures="0" tests="25" name="Test" time="21.065" errors="0" timestamp="2022-09-18T15:04:16 IST">
  <testcase classname="com.employee.Testcase.TC003_POST_Single_EmployeeDetail" name="checkContentType" time="0.006"/>
  <testcase classname="com.employee.Testcase.TC003_POST_Single_EmployeeDetail" name="checkServerType" time="0.002"/>
  <testcase classname="com.employee.Testcase.TC003_POST_Single_EmployeeDetail" name="checkStatusCode" time="0.002"/>
  <testcase classname="com.employee.Testcase.TC003_POST_Single_EmployeeDetail" name="getResponseTime" time="0.002"/>
  <testcase classname="com.employee.Testcase.TC003_POST_Single_EmployeeDetail" name="getresponseBody" time="0.032"/>
  <testcase classname="com.employee.Testcase.TC001_GET_All_EmployeeDetail" name="checkContentType" time="0.004"/>
  <testcase classname="com.employee.Testcase.TC001_GET_All_EmployeeDetail" name="checkResponseBody" time="0.007"/>
  <testcase classname="com.employee.Testcase.TC001_GET_All_EmployeeDetail" name="checkServerType" time="0.001"/>
  <testcase classname="com.employee.Testcase.TC001_GET_All_EmployeeDetail" name="checkStatuscode" time="0.005"/>
  <testcase classname="com.employee.Testcase.TC001_GET_All_EmployeeDetail" name="getResponseTime" time="0.002"/>
  <testcase classname="com.employee.Testcase.TC004_PUT_Existing_EmployeeDetail" name="checkContentType" time="0.003"/>
  <testcase classname="com.employee.Testcase.TC004_PUT_Existing_EmployeeDetail" name="checkServerType" time="0.005"/>
  <testcase classname="com.employee.Testcase.TC004_PUT_Existing_EmployeeDetail" name="checkStatusCode" time="0.007"/>
  <testcase classname="com.employee.Testcase.TC004_PUT_Existing_EmployeeDetail" name="getResponseTime" time="0.004"/>
  <testcase classname="com.employee.Testcase.TC004_PUT_Existing_EmployeeDetail" name="getresponseBody" time="0.006"/>
  <testcase classname="com.employee.Testcase.TC005_DELETE_EmployeeDetail" name="checkContentType" time="0.003"/>
  <testcase classname="com.employee.Testcase.TC005_DELETE_EmployeeDetail" name="checkServerType" time="0.004"/>
  <testcase classname="com.employee.Testcase.TC005_DELETE_EmployeeDetail" name="checkStatusCode" time="0.005"/>
  <testcase classname="com.employee.Testcase.TC005_DELETE_EmployeeDetail" name="getResponseTime" time="0.008"/>
  <testcase classname="com.employee.Testcase.TC005_DELETE_EmployeeDetail" name="getresponseBody" time="0.009"/>
  <testcase classname="com.employee.Testcase.TC002_GET_SIngle_EmployeeDetail" name="checkContentType" time="0.002"/>
  <testcase classname="com.employee.Testcase.TC002_GET_SIngle_EmployeeDetail" name="checkServerType" time="0.001"/>
  <testcase classname="com.employee.Testcase.TC002_GET_SIngle_EmployeeDetail" name="checkStatuscode" time="0.002"/>
  <testcase classname="com.employee.Testcase.TC002_GET_SIngle_EmployeeDetail" name="getResponseBody" time="0.004"/>
  <testcase classname="com.employee.Testcase.TC002_GET_SIngle_EmployeeDetail" name="getResponseTime" time="0.002"/>
</testsuite> <!-- Test -->
