<?xml version="1.0" encoding="UTF-8"?>
<testsuite xmlns:xsi="http://www.w3.org/2001/XMLSchema-instance" xsi:noNamespaceSchemaLocation="https://maven.apache.org/surefire/maven-surefire-plugin/xsd/surefire-test-report-3.0.xsd" version="3.0" name="TestSuite" time="23.06" tests="25" errors="0" skipped="0" failures="0">
  <properties>
[...]
</properties>
  <testcase name="checkContentType" classname="com.employee.Testcase.TC003_POST_Single_EmployeeDetail" time="0.03">
    <system-out><![CDATA[09-18-2022 15:03:56 TC003_POST_Single_EmployeeDetail.java INFO  [main] EmployeeRestAPI 23 - *****Started TC003_POST_Single_EmployeeDetail*****
09-18-2022 15:04:04 TC003_POST_Single_EmployeeDetail.java INFO  [main] EmployeeRestAPI 75 - **********Checking Content Type**********
09-18-2022 15:04:04 TC003_POST_Single_EmployeeDetail.java INFO  [main] EmployeeRestAPI 77 - Content Type is==> :application/json; charset=utf-8
]]></system-out>
  </testcase>
  <testcase name="checkServerType" classname="com.employee.Testcase.TC003_POST_Single_EmployeeDetail" time="0.006">
    <system-out><![CDATA[09-18-2022 15:04:04 TC003_POST_Single_EmployeeDetail.java INFO  [main] EmployeeRestAPI 84 - **********Checking Server Type**********
09-18-2022 15:04:04 TC003_POST_Single_EmployeeDetail.java INFO  [main] EmployeeRestAPI 86 - Server Type is==>:cloudflare
]]></system-out>
  </testcase>
  <testcase name="checkStatusCode" classname="com.employee.Testcase.TC003_POST_Single_EmployeeDetail" time="0.004">
    <system-out><![CDATA[09-18-2022 15:04:04 TC003_POST_Single_EmployeeDetail.java INFO  [main] EmployeeRestAPI 53 - *****Checking Status code*****
09-18-2022 15:04:04 TC003_POST_Single_EmployeeDetail.java INFO  [main] EmployeeRestAPI 55 - Status code is==>201
]]></system-out>
  </testcase>
  <testcase name="getResponseTime" classname="com.employee.Testcase.TC003_POST_Single_EmployeeDetail" time="0.003">
    <system-out><![CDATA[09-18-2022 15:04:04 TC003_POST_Single_EmployeeDetail.java INFO  [main] EmployeeRestAPI 62 - **********Checking Response Time**********
09-18-2022 15:04:04 TC003_POST_Single_EmployeeDetail.java INFO  [main] EmployeeRestAPI 64 - Response Time is==>:1589
]]></system-out>
  </testcase>
  <testcase name="getresponseBody" classname="com.employee.Testcase.TC003_POST_Single_EmployeeDetail" time="0.033">
    <system-out><![CDATA[09-18-2022 15:04:04 TC003_POST_Single_EmployeeDetail.java INFO  [main] EmployeeRestAPI 42 - *****Checking Response Body*****
09-18-2022 15:04:04 TC003_POST_Single_EmployeeDetail.java INFO  [main] EmployeeRestAPI 44 - Response Body is==>{"last_name":"Maheshwarix","first_name":"Uditn","email":"udits@gmail.com","id":"470","createdAt":"2022-09-18T09:33:59.731Z"}
]]></system-out>
  </testcase>
  <testcase name="checkContentType" classname="com.employee.Testcase.TC001_GET_All_EmployeeDetail" time="0.009">
    <system-out><![CDATA[09-18-2022 15:04:04 TC003_POST_Single_EmployeeDetail.java INFO  [main] EmployeeRestAPI 93 - *****Finished TC003_POST_Single_EmployeeDetail*****
09-18-2022 15:04:04 TC001_GET_All_EmployeeDetail.java INFO  [main] EmployeeRestAPI 18 - *************Started TC001_GET_All_EmployeeDetail****************
09-18-2022 15:04:05 TC001_GET_All_EmployeeDetail.java INFO  [main] EmployeeRestAPI 62 - **********Checking Content Type**********
09-18-2022 15:04:05 TC001_GET_All_EmployeeDetail.java INFO  [main] EmployeeRestAPI 64 - Content Type is==> :application/json; charset=utf-8
]]></system-out>
  </testcase>
  <testcase name="checkResponseBody" classname="com.employee.Testcase.TC001_GET_All_EmployeeDetail" time="0.013">
    <system-out><![CDATA[09-18-2022 15:04:05 TC001_GET_All_EmployeeDetail.java INFO  [main] EmployeeRestAPI 30 - **********Check Response Body**********
09-18-2022 15:04:05 TC001_GET_All_EmployeeDetail.java INFO  [main] EmployeeRestAPI 33 - Response Body is ==>{"page":2,"per_page":6,"total":12,"total_pages":2,"data":[{"id":7,"email":"michael.lawson@reqres.in","first_name":"Michael","last_name":"Lawson","avatar":"https://reqres.in/img/faces/7-image.jpg"},{"id":8,"email":"lindsay.ferguson@reqres.in","first_name":"Lindsay","last_name":"Ferguson","avatar":"https://reqres.in/img/faces/8-image.jpg"},{"id":9,"email":"tobias.funke@reqres.in","first_name":"Tobias","last_name":"Funke","avatar":"https://reqres.in/img/faces/9-image.jpg"},{"id":10,"email":"byron.fields@reqres.in","first_name":"Byron","last_name":"Fields","avatar":"https://reqres.in/img/faces/10-image.jpg"},{"id":11,"email":"george.edwards@reqres.in","first_name":"George","last_name":"Edwards","avatar":"https://reqres.in/img/faces/11-image.jpg"},{"id":12,"email":"rachel.howell@reqres.in","first_name":"Rachel","last_name":"Howell","avatar":"https://reqres.in/img/faces/12-image.jpg"}],"support":{"url":"https://reqres.in/#support-heading","text":"To keep ReqRes free, contributions towards server costs are appreciated!"}}
]]></system-out>
  </testcase>
  <testcase name="checkServerType" classname="com.employee.Testcase.TC001_GET_All_EmployeeDetail" time="0.027">
    <system-out><![CDATA[09-18-2022 15:04:05 TC001_GET_All_EmployeeDetail.java INFO  [main] EmployeeRestAPI 71 - **********Checking Server Type**********
09-18-2022 15:04:05 TC001_GET_All_EmployeeDetail.java INFO  [main] EmployeeRestAPI 73 - Server Type is==>:cloudflare
]]></system-out>
  </testcase>
  <testcase name="checkStatuscode" classname="com.employee.Testcase.TC001_GET_All_EmployeeDetail" time="0.03">
    <system-out><![CDATA[09-18-2022 15:04:05 TC001_GET_All_EmployeeDetail.java INFO  [main] EmployeeRestAPI 40 - **********Check Status Code**********
09-18-2022 15:04:05 TC001_GET_All_EmployeeDetail.java INFO  [main] EmployeeRestAPI 42 - Resonse code is ==>200
]]></system-out>
  </testcase>
  <testcase name="getResponseTime" classname="com.employee.Testcase.TC001_GET_All_EmployeeDetail" time="0.006">
    <system-out><![CDATA[09-18-2022 15:04:05 TC001_GET_All_EmployeeDetail.java INFO  [main] EmployeeRestAPI 49 - **********Checking Response Time**********
09-18-2022 15:04:05 TC001_GET_All_EmployeeDetail.java INFO  [main] EmployeeRestAPI 51 - Response Time is==>:186
]]></system-out>
  </testcase>
  <testcase name="checkContentType" classname="com.employee.Testcase.TC004_PUT_Existing_EmployeeDetail" time="0.011">
    <system-out><![CDATA[09-18-2022 15:04:05 TC001_GET_All_EmployeeDetail.java INFO  [main] EmployeeRestAPI 80 - ********** Finished TC001_GET_All_EmployeeDetail**********
09-18-2022 15:04:05 TC004_PUT_Existing_EmployeeDetail.java INFO  [main] EmployeeRestAPI 22 - *****Started TC004_PUT_Existing_EmployeeDetail*****
09-18-2022 15:04:10 TC004_PUT_Existing_EmployeeDetail.java INFO  [main] EmployeeRestAPI 72 - **********Checking Content Type**********
09-18-2022 15:04:10 TC004_PUT_Existing_EmployeeDetail.java INFO  [main] EmployeeRestAPI 74 - Content Type is==> :application/json; charset=utf-8
]]></system-out>
  </testcase>
  <testcase name="checkServerType" classname="com.employee.Testcase.TC004_PUT_Existing_EmployeeDetail" time="0.017">
    <system-out><![CDATA[09-18-2022 15:04:10 TC004_PUT_Existing_EmployeeDetail.java INFO  [main] EmployeeRestAPI 81 - **********Checking Server Type**********
09-18-2022 15:04:10 TC004_PUT_Existing_EmployeeDetail.java INFO  [main] EmployeeRestAPI 83 - Server Type is==>:cloudflare
]]></system-out>
  </testcase>
  <testcase name="checkStatusCode" classname="com.employee.Testcase.TC004_PUT_Existing_EmployeeDetail" time="0.013">
    <system-out><![CDATA[09-18-2022 15:04:10 TC004_PUT_Existing_EmployeeDetail.java INFO  [main] EmployeeRestAPI 50 - *****Checking Status code*****
09-18-2022 15:04:10 TC004_PUT_Existing_EmployeeDetail.java INFO  [main] EmployeeRestAPI 52 - Status code is==>200
]]></system-out>
  </testcase>
  <testcase name="getResponseTime" classname="com.employee.Testcase.TC004_PUT_Existing_EmployeeDetail" time="0.006">
    <system-out><![CDATA[09-18-2022 15:04:10 TC004_PUT_Existing_EmployeeDetail.java INFO  [main] EmployeeRestAPI 59 - **********Checking Response Time**********
09-18-2022 15:04:10 TC004_PUT_Existing_EmployeeDetail.java INFO  [main] EmployeeRestAPI 61 - Response Time is==>:475
]]></system-out>
  </testcase>
  <testcase name="getresponseBody" classname="com.employee.Testcase.TC004_PUT_Existing_EmployeeDetail" time="0.007">
    <system-out><![CDATA[09-18-2022 15:04:10 TC004_PUT_Existing_EmployeeDetail.java INFO  [main] EmployeeRestAPI 39 - *****Checking Response Body*****
09-18-2022 15:04:10 TC004_PUT_Existing_EmployeeDetail.java INFO  [main] EmployeeRestAPI 41 - Response Body is==>{"name":"UditB","job":"Software EngineerH","updatedAt":"2022-09-18T09:34:05.673Z"}
]]></system-out>
  </testcase>
  <testcase name="checkContentType" classname="com.employee.Testcase.TC005_DELETE_EmployeeDetail" time="0.009">
    <system-out><![CDATA[09-18-2022 15:04:10 TC004_PUT_Existing_EmployeeDetail.java INFO  [main] EmployeeRestAPI 90 - *****Finished TC004_PUT_Existing_EmployeeDetaill*****
09-18-2022 15:04:10 TC005_DELETE_EmployeeDetail.java INFO  [main] EmployeeRestAPI 19 - *****Started TC005_DELETE_EmployeeDetail*****
09-18-2022 15:04:16 TC005_DELETE_EmployeeDetail.java INFO  [main] EmployeeRestAPI 71 - **********Checking Content Type**********
09-18-2022 15:04:16 TC005_DELETE_EmployeeDetail.java INFO  [main] EmployeeRestAPI 73 - Content Type is==> :null
]]></system-out>
  </testcase>
  <testcase name="checkServerType" classname="com.employee.Testcase.TC005_DELETE_EmployeeDetail" time="0.007">
    <system-out><![CDATA[09-18-2022 15:04:16 TC005_DELETE_EmployeeDetail.java INFO  [main] EmployeeRestAPI 80 - **********Checking Server Type**********
09-18-2022 15:04:16 TC005_DELETE_EmployeeDetail.java INFO  [main] EmployeeRestAPI 82 - Server Type is==>:cloudflare
]]></system-out>
  </testcase>
  <testcase name="checkStatusCode" classname="com.employee.Testcase.TC005_DELETE_EmployeeDetail" time="0.014">
    <system-out><![CDATA[09-18-2022 15:04:16 TC005_DELETE_EmployeeDetail.java INFO  [main] EmployeeRestAPI 49 - *****Checking Status code*****
09-18-2022 15:04:16 TC005_DELETE_EmployeeDetail.java INFO  [main] EmployeeRestAPI 51 - Status code is==>204
]]></system-out>
  </testcase>
  <testcase name="getResponseTime" classname="com.employee.Testcase.TC005_DELETE_EmployeeDetail" time="0.008">
    <system-out><![CDATA[09-18-2022 15:04:16 TC005_DELETE_EmployeeDetail.java INFO  [main] EmployeeRestAPI 58 - **********Checking Response Time**********
09-18-2022 15:04:16 TC005_DELETE_EmployeeDetail.java INFO  [main] EmployeeRestAPI 60 - Response Time is==>:403
]]></system-out>
  </testcase>
  <testcase name="getresponseBody" classname="com.employee.Testcase.TC005_DELETE_EmployeeDetail" time="0.003">
    <system-out><![CDATA[09-18-2022 15:04:16 TC005_DELETE_EmployeeDetail.java INFO  [main] EmployeeRestAPI 39 - *****Checking Response Body*****
09-18-2022 15:04:16 TC005_DELETE_EmployeeDetail.java INFO  [main] EmployeeRestAPI 41 - Response Body is==>
]]></system-out>
  </testcase>
  <testcase name="checkContentType" classname="com.employee.Testcase.TC002_GET_SIngle_EmployeeDetail" time="0.008">
    <system-out><![CDATA[09-18-2022 15:04:16 TC005_DELETE_EmployeeDetail.java INFO  [main] EmployeeRestAPI 89 - *****Finished TC005_DELETE_EmployeeDetai*****
09-18-2022 15:04:16 TC002_GET_SIngle_EmployeeDetail.java INFO  [main] EmployeeRestAPI 18 - *****Started TC002_GET_SIngle_EmployeeDetail*****
09-18-2022 15:04:16 TC002_GET_SIngle_EmployeeDetail.java INFO  [main] EmployeeRestAPI 58 - **********Checking Content Type**********
09-18-2022 15:04:16 TC002_GET_SIngle_EmployeeDetail.java INFO  [main] EmployeeRestAPI 60 - Content Type is==> :application/json; charset=utf-8
]]></system-out>
  </testcase>
  <testcase name="checkServerType" classname="com.employee.Testcase.TC002_GET_SIngle_EmployeeDetail" time="0.025">
    <system-out><![CDATA[09-18-2022 15:04:16 TC002_GET_SIngle_EmployeeDetail.java INFO  [main] EmployeeRestAPI 67 - **********Checking Server Type**********
09-18-2022 15:04:16 TC002_GET_SIngle_EmployeeDetail.java INFO  [main] EmployeeRestAPI 69 - Server Type is==>:cloudflare
]]></system-out>
  </testcase>
  <testcase name="checkStatuscode" classname="com.employee.Testcase.TC002_GET_SIngle_EmployeeDetail" time="0.019">
    <system-out><![CDATA[09-18-2022 15:04:16 TC002_GET_SIngle_EmployeeDetail.java INFO  [main] EmployeeRestAPI 36 - **********Check Status Code**********
09-18-2022 15:04:16 TC002_GET_SIngle_EmployeeDetail.java INFO  [main] EmployeeRestAPI 38 - Resonse code is ==>200
]]></system-out>
  </testcase>
  <testcase name="getResponseBody" classname="com.employee.Testcase.TC002_GET_SIngle_EmployeeDetail" time="0.014">
    <system-out><![CDATA[09-18-2022 15:04:16 TC002_GET_SIngle_EmployeeDetail.java INFO  [main] EmployeeRestAPI 27 - *****Checking Response Body*****
09-18-2022 15:04:16 TC002_GET_SIngle_EmployeeDetail.java INFO  [main] EmployeeRestAPI 29 - Response Body is==>{"data":{"id":2,"email":"janet.weaver@reqres.in","first_name":"Janet","last_name":"Weaver","avatar":"https://reqres.in/img/faces/2-image.jpg"},"support":{"url":"https://reqres.in/#support-heading","text":"To keep ReqRes free, contributions towards server costs are appreciated!"}}
]]></system-out>
  </testcase>
  <testcase name="getResponseTime" classname="com.employee.Testcase.TC002_GET_SIngle_EmployeeDetail" time="0.093">
    <system-out><![CDATA[09-18-2022 15:04:16 TC002_GET_SIngle_EmployeeDetail.java INFO  [main] EmployeeRestAPI 45 - **********Checking Response Time**********
09-18-2022 15:04:16 TC002_GET_SIngle_EmployeeDetail.java INFO  [main] EmployeeRestAPI 47 - Response Time is==>:383
]]></system-out>
  </testcase>
</testsuite>